{
  "RSpec": {
    "coverage": {
      "/Users/zacharythomas/turing/2module/final-test/movie_mania_1803/config/environment.rb": [
        null,
        1,
        null,
        null,
        1
      ],
      "/Users/zacharythomas/turing/2module/final-test/movie_mania_1803/config/application.rb": [
        1,
        null,
        1,
        null,
        1,
        1,
        1,
        1,
        1,
        1,
        1,
        1,
        null,
        null,
        null,
        null,
        1,
        null,
        1,
        1,
        null,
        1,
        null,
        null,
        null,
        null,
        null,
        null,
        1,
        null,
        null
      ],
      "/Users/zacharythomas/turing/2module/final-test/movie_mania_1803/config/boot.rb": [
        1,
        null,
        1
      ],
      "/Users/zacharythomas/turing/2module/final-test/movie_mania_1803/config/environments/test.rb": [
        1,
        null,
        null,
        null,
        null,
        null,
        null,
        1,
        null,
        null,
        null,
        null,
        1,
        null,
        null,
        1,
        1,
        null,
        null,
        null,
        null,
        1,
        1,
        null,
        null,
        1,
        null,
        null,
        1,
        1,
        null,
        null,
        null,
        null,
        1,
        null,
        null,
        1,
        null,
        null,
        null,
        null
      ],
      "/Users/zacharythomas/turing/2module/final-test/movie_mania_1803/config/initializers/application_controller_renderer.rb": [
        null,
        null,
        null,
        null,
        null,
        null,
        null,
        null
      ],
      "/Users/zacharythomas/turing/2module/final-test/movie_mania_1803/config/initializers/assets.rb": [
        null,
        null,
        null,
        1,
        null,
        null,
        null,
        null,
        1,
        null,
        null,
        null,
        null,
        null
      ],
      "/Users/zacharythomas/turing/2module/final-test/movie_mania_1803/config/initializers/backtrace_silencers.rb": [
        null,
        null,
        null,
        null,
        null,
        null,
        null
      ],
      "/Users/zacharythomas/turing/2module/final-test/movie_mania_1803/config/initializers/cookies_serializer.rb": [
        null,
        null,
        null,
        null,
        1
      ],
      "/Users/zacharythomas/turing/2module/final-test/movie_mania_1803/config/initializers/filter_parameter_logging.rb": [
        null,
        null,
        null,
        1
      ],
      "/Users/zacharythomas/turing/2module/final-test/movie_mania_1803/config/initializers/inflections.rb": [
        null,
        null,
        null,
        null,
        null,
        null,
        null,
        null,
        null,
        null,
        null,
        null,
        null,
        null,
        null,
        null
      ],
      "/Users/zacharythomas/turing/2module/final-test/movie_mania_1803/config/initializers/mime_types.rb": [
        null,
        null,
        null,
        null
      ],
      "/Users/zacharythomas/turing/2module/final-test/movie_mania_1803/config/initializers/wrap_parameters.rb": [
        null,
        null,
        null,
        null,
        null,
        null,
        1,
        2,
        null,
        null,
        null,
        null,
        null,
        null
      ],
      "/Users/zacharythomas/turing/2module/final-test/movie_mania_1803/config/routes.rb": [
        1,
        null,
        1,
        1,
        1,
        1,
        null,
        1,
        1,
        1,
        null,
        1,
        1,
        null,
        null,
        1,
        null,
        1,
        1,
        null,
        null,
        1,
        null
      ],
      "/Users/zacharythomas/turing/2module/final-test/movie_mania_1803/spec/features/admin_sees_categories_index_spec.rb": [
        1,
        null,
        1,
        1,
        1,
        1,
        null,
        1,
        null,
        1,
        null,
        1,
        null,
        null,
        null,
        1,
        1,
        1,
        null,
        1,
        null,
        1,
        null,
        1,
        1,
        null,
        null,
        null
      ],
      "/Users/zacharythomas/turing/2module/final-test/movie_mania_1803/spec/features/an_admin_visits_genres_spec.rb": [
        1,
        null,
        1,
        1,
        1,
        1,
        1,
        1,
        1,
        1,
        1,
        1,
        null,
        1,
        null,
        1,
        4,
        null,
        null,
        1,
        1,
        1,
        1,
        1,
        1,
        1,
        null,
        1,
        null,
        1,
        1,
        null,
        1,
        1,
        1,
        1,
        1,
        1,
        1,
        null,
        1,
        null,
        1,
        1,
        1,
        null,
        1,
        1,
        null,
        null,
        null,
        null
      ],
      "/Users/zacharythomas/turing/2module/final-test/movie_mania_1803/spec/features/user_can_add_movies_to_cart_spec.rb": [
        1,
        null,
        1,
        1,
        3,
        3,
        3,
        3,
        null,
        null,
        1,
        1,
        1,
        null,
        1,
        1,
        null,
        null,
        1,
        1,
        null,
        null,
        1,
        1,
        null,
        1,
        1,
        null,
        null,
        1,
        null,
        1,
        1,
        null,
        null,
        1,
        null,
        null,
        1,
        1,
        null,
        1,
        null,
        1,
        1,
        null,
        null,
        1,
        1,
        null,
        null,
        1,
        1,
        null,
        null,
        null
      ],
      "/Users/zacharythomas/turing/2module/final-test/movie_mania_1803/spec/features/user_can_create_a_new_director_spec.rb": [
        1,
        null,
        1,
        1,
        1,
        null,
        1,
        null,
        null,
        1,
        1,
        null,
        1,
        1,
        null,
        1,
        null,
        null,
        null
      ],
      "/Users/zacharythomas/turing/2module/final-test/movie_mania_1803/spec/features/user_can_create_a_new_movie_spec.rb": [
        1,
        null,
        1,
        1,
        1,
        1,
        1,
        null,
        1,
        null,
        null,
        1,
        1,
        1,
        null,
        1,
        null,
        1,
        1,
        1,
        null,
        null
      ],
      "/Users/zacharythomas/turing/2module/final-test/movie_mania_1803/spec/features/user_can_create_an_actor_spec.rb": [
        1,
        null,
        1,
        1,
        1,
        null,
        1,
        null,
        null,
        1,
        1,
        null,
        1,
        1,
        null,
        1,
        1,
        null,
        null,
        null
      ],
      "/Users/zacharythomas/turing/2module/final-test/movie_mania_1803/spec/features/user_can_register_and_login_logout_spec.rb": [
        null,
        null,
        null,
        null,
        1,
        null,
        1,
        1,
        1,
        1,
        1,
        1,
        null,
        1,
        null,
        1,
        null,
        1,
        null,
        1,
        1,
        1,
        1,
        null,
        null,
        1,
        1,
        null,
        1,
        1,
        null,
        1,
        1,
        1,
        1,
        null,
        1,
        null,
        1,
        null,
        1,
        null,
        1,
        1,
        1,
        1,
        null,
        null,
        1,
        1,
        null,
        null,
        null,
        1,
        1,
        1,
        null,
        1,
        null,
        1,
        null,
        1,
        null,
        1,
        1,
        null,
        1,
        null,
        1,
        1,
        null,
        null,
        1,
        1,
        1,
        null,
        1,
        null,
        1,
        1,
        null,
        1,
        null,
        1,
        1,
        null,
        null,
        null
      ],
      "/Users/zacharythomas/turing/2module/final-test/movie_mania_1803/spec/features/user_can_view_movie_show_page_spec.rb": [
        1,
        null,
        1,
        1,
        1,
        1,
        null,
        1,
        null,
        1,
        null,
        1,
        1,
        null,
        null
      ],
      "/Users/zacharythomas/turing/2module/final-test/movie_mania_1803/spec/features/user_sees_all_movies_spec.rb": [
        1,
        null,
        1,
        1,
        1,
        1,
        1,
        1,
        null,
        1,
        null,
        1,
        1,
        1,
        1,
        1,
        1,
        null,
        null
      ],
      "/Users/zacharythomas/turing/2module/final-test/movie_mania_1803/spec/features/user_sees_home_page_spec.rb": [
        1,
        null,
        1,
        1,
        1,
        null,
        1,
        1,
        null,
        null
      ],
      "/Users/zacharythomas/turing/2module/final-test/movie_mania_1803/spec/features/user_sees_nav_bar_spec.rb": [
        1,
        null,
        1,
        1,
        1,
        null,
        1,
        1,
        1,
        1,
        1,
        null,
        null
      ],
      "/Users/zacharythomas/turing/2module/final-test/movie_mania_1803/spec/features/visitor_visits_genre_showwqs_spec.rb": [
        1,
        null,
        1,
        1,
        1,
        1,
        1,
        1,
        1,
        null,
        null,
        null,
        1,
        null,
        null,
        null,
        1,
        null,
        1,
        2,
        null,
        null,
        1,
        1,
        1,
        1,
        null,
        null,
        null,
        1,
        null,
        null,
        null,
        null,
        1,
        null,
        null,
        null,
        null,
        1,
        null,
        1,
        null,
        1,
        1,
        1,
        1,
        null,
        null,
        null,
        1,
        null,
        null,
        null,
        null,
        1,
        null,
        null,
        null,
        null,
        1,
        null,
        1,
        null,
        1,
        1,
        1,
        1,
        null,
        null,
        null,
        1,
        null,
        null,
        null,
        null,
        1,
        null,
        null,
        null,
        null,
        1,
        null,
        1,
        null,
        null,
        null,
        null
      ],
      "/Users/zacharythomas/turing/2module/final-test/movie_mania_1803/spec/features/visitor_visits_movie_shows_spec.rb": [
        1,
        null,
        1,
        1,
        1,
        1,
        1,
        1,
        1,
        null,
        null,
        null,
        1,
        1,
        1,
        null,
        1,
        null,
        1,
        null,
        1,
        3,
        null,
        null,
        1,
        1,
        1,
        null,
        null,
        null,
        null,
        1,
        1,
        null,
        1,
        1,
        1,
        null,
        null,
        null,
        1,
        null,
        null,
        null,
        1,
        null,
        null,
        null,
        1,
        null,
        null,
        null,
        1,
        null,
        null,
        null,
        1,
        null,
        1,
        1,
        1,
        1,
        1,
        null,
        null,
        null,
        null
      ],
      "/Users/zacharythomas/turing/2module/final-test/movie_mania_1803/spec/models/actor_movie_spec.rb": [
        1,
        null,
        1,
        1,
        2,
        2,
        null,
        null
      ],
      "/Users/zacharythomas/turing/2module/final-test/movie_mania_1803/app/models/actor_movie.rb": [
        1,
        1,
        1,
        null
      ],
      "/Users/zacharythomas/turing/2module/final-test/movie_mania_1803/app/models/application_record.rb": [
        1,
        1,
        null
      ],
      "/Users/zacharythomas/turing/2module/final-test/movie_mania_1803/spec/models/actor_spec.rb": [
        1,
        null,
        1,
        1,
        2,
        null,
        null
      ],
      "/Users/zacharythomas/turing/2module/final-test/movie_mania_1803/app/models/actor.rb": [
        1,
        1,
        1,
        null
      ],
      "/Users/zacharythomas/turing/2module/final-test/movie_mania_1803/spec/models/cart_spec.rb": [
        1,
        null,
        1,
        1,
        1,
        1,
        null,
        1,
        null,
        null,
        1,
        1,
        1,
        1,
        1,
        null,
        1,
        1,
        null,
        1,
        null,
        null,
        1,
        1,
        null,
        1,
        1,
        null,
        null,
        null
      ],
      "/Users/zacharythomas/turing/2module/final-test/movie_mania_1803/app/models/cart.rb": [
        1,
        1,
        null,
        1,
        61,
        null,
        null,
        1,
        47,
        null,
        null,
        1,
        6,
        5,
        null,
        1,
        null,
        null,
        null,
        1,
        7,
        null,
        null
      ],
      "/Users/zacharythomas/turing/2module/final-test/movie_mania_1803/spec/models/director_spec.rb": [
        1,
        null,
        1,
        1,
        2,
        null,
        1,
        2,
        null,
        null
      ],
      "/Users/zacharythomas/turing/2module/final-test/movie_mania_1803/app/models/director.rb": [
        1,
        1,
        1,
        null
      ],
      "/Users/zacharythomas/turing/2module/final-test/movie_mania_1803/spec/models/genre_spec.rb": [
        1,
        null,
        1,
        1,
        1,
        1,
        1,
        1,
        1,
        null,
        null,
        null,
        1,
        null,
        null,
        null,
        null,
        1,
        null,
        null,
        null,
        null,
        1,
        null,
        null,
        1,
        1,
        1,
        1,
        1,
        null,
        null,
        null,
        null,
        1,
        null,
        null,
        null,
        null,
        1,
        null,
        null,
        null,
        null,
        1,
        null,
        null,
        1,
        1,
        1,
        1,
        1,
        null,
        null,
        null,
        null,
        1,
        null,
        null,
        null,
        null,
        1,
        null,
        null,
        null,
        null,
        1,
        null,
        null,
        null,
        null
      ],
      "/Users/zacharythomas/turing/2module/final-test/movie_mania_1803/app/models/genre.rb": [
        1,
        1,
        1,
        null,
        1,
        5,
        null,
        null,
        1,
        5,
        null,
        1,
        5,
        null,
        null
      ],
      "/Users/zacharythomas/turing/2module/final-test/movie_mania_1803/spec/models/movie_spec.rb": [
        1,
        null,
        1,
        1,
        2,
        2,
        null,
        null,
        1,
        1,
        1,
        1,
        null,
        1,
        null,
        1,
        1,
        1,
        1,
        null,
        null,
        null,
        1,
        null,
        null,
        null,
        1,
        null,
        null,
        null,
        1,
        null,
        null,
        null,
        1,
        null,
        null,
        null,
        1,
        3,
        null,
        null,
        null,
        null,
        null
      ],
      "/Users/zacharythomas/turing/2module/final-test/movie_mania_1803/app/models/movie.rb": [
        1,
        1,
        1,
        1,
        1,
        1,
        null,
        1,
        null,
        1,
        45,
        null,
        null,
        1,
        6,
        null,
        null
      ],
      "/Users/zacharythomas/turing/2module/final-test/movie_mania_1803/spec/models/user_spec.rb": [
        1,
        null,
        1,
        1,
        2,
        2,
        2,
        null,
        null,
        1,
        1,
        1,
        null,
        1,
        1,
        null,
        null,
        1,
        1,
        null,
        1,
        1,
        null,
        null,
        null
      ],
      "/Users/zacharythomas/turing/2module/final-test/movie_mania_1803/app/models/user.rb": [
        1,
        1,
        1,
        null,
        1,
        null,
        1,
        null
      ],
      "/Users/zacharythomas/turing/2module/final-test/movie_mania_1803/app/controllers/genres_controller.rb": [
        1,
        1,
        5,
        5,
        5,
        null,
        null,
        null,
        1,
        1,
        1,
        1,
        1,
        null,
        0,
        0,
        null,
        null,
        null,
        1,
        4,
        4,
        4,
        4,
        4,
        null,
        null,
        1,
        null,
        1,
        1,
        null,
        null
      ],
      "/Users/zacharythomas/turing/2module/final-test/movie_mania_1803/app/controllers/application_controller.rb": [
        1,
        1,
        1,
        null,
        1,
        null,
        1,
        58,
        null,
        null,
        1,
        44,
        44,
        4,
        null,
        null,
        null,
        1,
        12,
        null,
        null,
        null
      ],
      "/Users/zacharythomas/turing/2module/final-test/movie_mania_1803/app/controllers/admin/categories_controller.rb": [
        1,
        1,
        null,
        null
      ],
      "/Users/zacharythomas/turing/2module/final-test/movie_mania_1803/app/controllers/admin/base_controller.rb": [
        1,
        1,
        null,
        1,
        null,
        1,
        2,
        null,
        null
      ],
      "/Users/zacharythomas/turing/2module/final-test/movie_mania_1803/app/controllers/movies_controller.rb": [
        1,
        null,
        1,
        9,
        null,
        null,
        1,
        1,
        1,
        null,
        null,
        1,
        1,
        1,
        1,
        null,
        null,
        1,
        5,
        5,
        5,
        null,
        null,
        1,
        null,
        1,
        1,
        null,
        null
      ],
      "/Users/zacharythomas/turing/2module/final-test/movie_mania_1803/app/controllers/carts_controller.rb": [
        1,
        1,
        null,
        1,
        5,
        5,
        5,
        5,
        5,
        null,
        null
      ],
      "/Users/zacharythomas/turing/2module/final-test/movie_mania_1803/app/controllers/directors_controller.rb": [
        1,
        null,
        1,
        1,
        null,
        null,
        1,
        2,
        null,
        null,
        1,
        1,
        1,
        null,
        null,
        1,
        null,
        1,
        1,
        null,
        null,
        null
      ],
      "/Users/zacharythomas/turing/2module/final-test/movie_mania_1803/app/models/genre_movie.rb": [
        1,
        1,
        1,
        null
      ],
      "/Users/zacharythomas/turing/2module/final-test/movie_mania_1803/app/controllers/actors_controller.rb": [
        1,
        null,
        1,
        1,
        null,
        null,
        1,
        2,
        null,
        null,
        1,
        1,
        1,
        null,
        null,
        null,
        1,
        null,
        1,
        1,
        null,
        null,
        null
      ],
      "/Users/zacharythomas/turing/2module/final-test/movie_mania_1803/app/controllers/home_controller.rb": [
        1,
        1,
        null,
        null
      ],
      "/Users/zacharythomas/turing/2module/final-test/movie_mania_1803/app/controllers/sessions_controller.rb": [
        1,
        1,
        null,
        null,
        1,
        2,
        2,
        1,
        1,
        null,
        1,
        null,
        null,
        null,
        1,
        1,
        1,
        null,
        null
      ],
      "/Users/zacharythomas/turing/2module/final-test/movie_mania_1803/app/controllers/users_controller.rb": [
        1,
        1,
        2,
        null,
        null,
        1,
        2,
        2,
        1,
        1,
        null,
        1,
        1,
        null,
        null,
        null,
        1,
        2,
        null,
        null,
        1,
        null,
        1,
        2,
        null,
        null
      ]
    },
    "timestamp": 1528299539
  }
}
